0 info it worked if it ends with ok
1 verbose cli [ 'node', '/usr/local/bin/npm', 'publish' ]
2 info using npm@1.3.14
3 info using node@v0.10.22
4 verbose publish [ '.' ]
5 verbose cache add [ '.', null ]
6 verbose cache add name=undefined spec="." args=[".",null]
7 verbose parsed url { protocol: null,
7 verbose parsed url   slashes: null,
7 verbose parsed url   auth: null,
7 verbose parsed url   host: null,
7 verbose parsed url   port: null,
7 verbose parsed url   hostname: null,
7 verbose parsed url   hash: null,
7 verbose parsed url   search: null,
7 verbose parsed url   query: null,
7 verbose parsed url   pathname: '.',
7 verbose parsed url   path: '.',
7 verbose parsed url   href: '.' }
8 silly lockFile 3a52ce78- .
9 verbose lock . /Users/dustindiaz/.npm/3a52ce78-.lock
10 verbose tar pack [ '/var/folders/56/r7_32yvx5_j39wy18ps_k8zh0000gn/T/npm-84903-o3MXCg-8/1384564540994-0.9470695310737938/tmp.tgz',
10 verbose tar pack   '.' ]
11 verbose tarball /var/folders/56/r7_32yvx5_j39wy18ps_k8zh0000gn/T/npm-84903-o3MXCg-8/1384564540994-0.9470695310737938/tmp.tgz
12 verbose folder .
13 info prepublish ender@2.0.1-dev
14 silly lockFile 1f1177db-tar tar://.
15 verbose lock tar://. /Users/dustindiaz/.npm/1f1177db-tar.lock
16 silly lockFile 29ba60e5-40994-0-9470695310737938-tmp-tgz tar:///var/folders/56/r7_32yvx5_j39wy18ps_k8zh0000gn/T/npm-84903-o3MXCg-8/1384564540994-0.9470695310737938/tmp.tgz
17 verbose lock tar:///var/folders/56/r7_32yvx5_j39wy18ps_k8zh0000gn/T/npm-84903-o3MXCg-8/1384564540994-0.9470695310737938/tmp.tgz /Users/dustindiaz/.npm/29ba60e5-40994-0-9470695310737938-tmp-tgz.lock
18 silly lockFile 1f1177db-tar tar://.
19 silly lockFile 1f1177db-tar tar://.
20 silly lockFile 29ba60e5-40994-0-9470695310737938-tmp-tgz tar:///var/folders/56/r7_32yvx5_j39wy18ps_k8zh0000gn/T/npm-84903-o3MXCg-8/1384564540994-0.9470695310737938/tmp.tgz
21 silly lockFile 29ba60e5-40994-0-9470695310737938-tmp-tgz tar:///var/folders/56/r7_32yvx5_j39wy18ps_k8zh0000gn/T/npm-84903-o3MXCg-8/1384564540994-0.9470695310737938/tmp.tgz
22 verbose tar unpack /var/folders/56/r7_32yvx5_j39wy18ps_k8zh0000gn/T/npm-84903-o3MXCg-8/1384564540994-0.9470695310737938/tmp.tgz
23 silly lockFile 3803f9c2-40994-0-9470695310737938-package tar:///var/folders/56/r7_32yvx5_j39wy18ps_k8zh0000gn/T/npm-84903-o3MXCg-8/1384564540994-0.9470695310737938/package
24 verbose lock tar:///var/folders/56/r7_32yvx5_j39wy18ps_k8zh0000gn/T/npm-84903-o3MXCg-8/1384564540994-0.9470695310737938/package /Users/dustindiaz/.npm/3803f9c2-40994-0-9470695310737938-package.lock
25 silly lockFile 29ba60e5-40994-0-9470695310737938-tmp-tgz tar:///var/folders/56/r7_32yvx5_j39wy18ps_k8zh0000gn/T/npm-84903-o3MXCg-8/1384564540994-0.9470695310737938/tmp.tgz
26 verbose lock tar:///var/folders/56/r7_32yvx5_j39wy18ps_k8zh0000gn/T/npm-84903-o3MXCg-8/1384564540994-0.9470695310737938/tmp.tgz /Users/dustindiaz/.npm/29ba60e5-40994-0-9470695310737938-tmp-tgz.lock
27 silly gunzTarPerm modes [ '755', '644' ]
28 silly gunzTarPerm extractEntry package.json
29 silly gunzTarPerm extractEntry .npmignore
30 silly gunzTarPerm extractEntry README.md
31 silly gunzTarPerm extractEntry LICENSE
32 silly gunzTarPerm extractEntry buster.js
33 silly gunzTarPerm extractEntry bin/ender
34 silly gunzTarPerm extractEntry Makefile
35 silly gunzTarPerm extractEntry .jshintrc
36 silly gunzTarPerm extractEntry Contributors
37 silly gunzTarPerm extractEntry Changelog.md
38 silly gunzTarPerm extractEntry lib/README.md
39 silly gunzTarPerm extractEntry lib/main-compile.js
40 silly gunzTarPerm extractEntry lib/main-help.js
41 silly gunzTarPerm extractEntry lib/main-info-util.js
42 silly gunzTarPerm extractEntry lib/main-build.js
43 silly gunzTarPerm extractEntry lib/errors.js
44 silly gunzTarPerm extractEntry lib/main-remove.js
45 silly gunzTarPerm extractEntry lib/main-search-util.js
46 silly gunzTarPerm extractEntry lib/main-search.js
47 silly gunzTarPerm extractEntry lib/main-version.js
48 silly gunzTarPerm extractEntry lib/main-build-util.js
49 silly gunzTarPerm extractEntry lib/main.js
50 silly gunzTarPerm extractEntry lib/main-add.js
51 silly gunzTarPerm extractEntry lib/parse-context.js
52 silly gunzTarPerm extractEntry lib/main-info.js
53 silly gunzTarPerm extractEntry lib/util.js
54 silly gunzTarPerm extractEntry lib/main-refresh.js
55 silly gunzTarPerm extractEntry lib/output/main-add-output.js
56 silly gunzTarPerm extractEntry lib/output/main-build-output.js
57 silly gunzTarPerm extractEntry lib/output/main-compile-output.js
58 silly gunzTarPerm extractEntry lib/output/main-help-output.js
59 silly gunzTarPerm extractEntry lib/output/main-info-output.js
60 silly gunzTarPerm extractEntry lib/output/main-refresh-output.js
61 silly gunzTarPerm extractEntry lib/output/main-remove-output.js
62 silly gunzTarPerm extractEntry lib/output/main-search-output.js
63 silly gunzTarPerm extractEntry lib/output/main-version-output.js
64 silly gunzTarPerm extractEntry lib/output/output.js
65 silly gunzTarPerm extractEntry .travis.yml
66 silly gunzTarPerm extractEntry resources/help/add.tmpl
67 silly gunzTarPerm extractEntry resources/help/build.tmpl
68 silly gunzTarPerm extractEntry resources/help/compile.tmpl
69 silly gunzTarPerm extractEntry resources/help/info.tmpl
70 silly gunzTarPerm extractEntry resources/help/main.tmpl
71 silly gunzTarPerm extractEntry resources/help/refresh.tmpl
72 silly gunzTarPerm extractEntry resources/help/remove.tmpl
73 silly gunzTarPerm extractEntry resources/help/search.tmpl
74 silly gunzTarPerm extractEntry resources/help/zalgo.tmpl
75 silly gunzTarPerm extractEntry test/common.js
76 silly gunzTarPerm extractEntry test/functional/add-test.js
77 silly gunzTarPerm extractEntry test/functional/build-packages-with-binaries-test.js
78 silly gunzTarPerm extractEntry test/functional/build-test.js
79 silly gunzTarPerm extractEntry test/functional/common.js
80 silly gunzTarPerm extractEntry test/functional/info-test.js
81 silly gunzTarPerm extractEntry test/functional/build-from-package-json-test.js
82 silly gunzTarPerm extractEntry test/functional/output-test.js
83 silly gunzTarPerm extractEntry test/functional/package-descriptor-overrides.js
84 silly gunzTarPerm extractEntry test/functional/remove-test.js
85 silly gunzTarPerm extractEntry test/functional/refresh-test.js
86 silly gunzTarPerm extractEntry test/functional/version-test.js
87 silly gunzTarPerm extractEntry test/functional/minifier-test.js
88 silly gunzTarPerm extractEntry test/functional/packages/endr-test-1/package.json
89 silly gunzTarPerm extractEntry test/functional/packages/endr-test-1/bridge.js
90 silly gunzTarPerm extractEntry test/functional/packages/endr-test-1/main-override.js
91 silly gunzTarPerm extractEntry test/functional/packages/endr-test-1/main.js
92 silly gunzTarPerm extractEntry test/functional/packages/endr-test-2/package.json
93 silly gunzTarPerm extractEntry test/functional/packages/endr-test-2/main.js
94 silly gunzTarPerm extractEntry test/unit/main-add-test.js
95 silly gunzTarPerm extractEntry test/unit/main-help-test.js
96 silly gunzTarPerm extractEntry test/unit/main-info-test.js
97 silly gunzTarPerm extractEntry test/unit/main-info-util-test.js
98 silly gunzTarPerm extractEntry test/unit/main-compile-test.js
99 silly gunzTarPerm extractEntry test/unit/main-search-output-test.js
100 silly gunzTarPerm extractEntry test/unit/main-search-test.js
101 silly gunzTarPerm extractEntry test/unit/main-search-util-test.js
102 silly gunzTarPerm extractEntry test/unit/main-test.js
103 silly gunzTarPerm extractEntry test/unit/main-version-test.js
104 silly gunzTarPerm extractEntry test/unit/main-build-util-test.js
105 silly gunzTarPerm extractEntry test/unit/output-test.js
106 silly gunzTarPerm extractEntry test/unit/main-build-test.js
107 silly gunzTarPerm extractEntry test/unit/parse-context-test.js
108 silly gunzTarPerm extractEntry test/unit/main-remove-test.js
109 silly lockFile 3803f9c2-40994-0-9470695310737938-package tar:///var/folders/56/r7_32yvx5_j39wy18ps_k8zh0000gn/T/npm-84903-o3MXCg-8/1384564540994-0.9470695310737938/package
110 silly lockFile 3803f9c2-40994-0-9470695310737938-package tar:///var/folders/56/r7_32yvx5_j39wy18ps_k8zh0000gn/T/npm-84903-o3MXCg-8/1384564540994-0.9470695310737938/package
111 silly lockFile 29ba60e5-40994-0-9470695310737938-tmp-tgz tar:///var/folders/56/r7_32yvx5_j39wy18ps_k8zh0000gn/T/npm-84903-o3MXCg-8/1384564540994-0.9470695310737938/tmp.tgz
112 silly lockFile 29ba60e5-40994-0-9470695310737938-tmp-tgz tar:///var/folders/56/r7_32yvx5_j39wy18ps_k8zh0000gn/T/npm-84903-o3MXCg-8/1384564540994-0.9470695310737938/tmp.tgz
113 verbose tar pack [ '/Users/dustindiaz/.npm/ender/2.0.1-dev/package.tgz',
113 verbose tar pack   '/var/folders/56/r7_32yvx5_j39wy18ps_k8zh0000gn/T/npm-84903-o3MXCg-8/1384564540994-0.9470695310737938/package' ]
114 verbose tarball /Users/dustindiaz/.npm/ender/2.0.1-dev/package.tgz
115 verbose folder /var/folders/56/r7_32yvx5_j39wy18ps_k8zh0000gn/T/npm-84903-o3MXCg-8/1384564540994-0.9470695310737938/package
116 silly lockFile 3803f9c2-40994-0-9470695310737938-package tar:///var/folders/56/r7_32yvx5_j39wy18ps_k8zh0000gn/T/npm-84903-o3MXCg-8/1384564540994-0.9470695310737938/package
117 verbose lock tar:///var/folders/56/r7_32yvx5_j39wy18ps_k8zh0000gn/T/npm-84903-o3MXCg-8/1384564540994-0.9470695310737938/package /Users/dustindiaz/.npm/3803f9c2-40994-0-9470695310737938-package.lock
118 silly lockFile bcf607e3--npm-ender-2-0-1-dev-package-tgz tar:///Users/dustindiaz/.npm/ender/2.0.1-dev/package.tgz
119 verbose lock tar:///Users/dustindiaz/.npm/ender/2.0.1-dev/package.tgz /Users/dustindiaz/.npm/bcf607e3--npm-ender-2-0-1-dev-package-tgz.lock
120 silly lockFile 3803f9c2-40994-0-9470695310737938-package tar:///var/folders/56/r7_32yvx5_j39wy18ps_k8zh0000gn/T/npm-84903-o3MXCg-8/1384564540994-0.9470695310737938/package
121 silly lockFile 3803f9c2-40994-0-9470695310737938-package tar:///var/folders/56/r7_32yvx5_j39wy18ps_k8zh0000gn/T/npm-84903-o3MXCg-8/1384564540994-0.9470695310737938/package
122 silly lockFile bcf607e3--npm-ender-2-0-1-dev-package-tgz tar:///Users/dustindiaz/.npm/ender/2.0.1-dev/package.tgz
123 silly lockFile bcf607e3--npm-ender-2-0-1-dev-package-tgz tar:///Users/dustindiaz/.npm/ender/2.0.1-dev/package.tgz
124 silly lockFile bdd2dae8-diaz-npm-ender-2-0-1-dev-package /Users/dustindiaz/.npm/ender/2.0.1-dev/package
125 verbose lock /Users/dustindiaz/.npm/ender/2.0.1-dev/package /Users/dustindiaz/.npm/bdd2dae8-diaz-npm-ender-2-0-1-dev-package.lock
126 silly lockFile bdd2dae8-diaz-npm-ender-2-0-1-dev-package /Users/dustindiaz/.npm/ender/2.0.1-dev/package
127 silly lockFile bdd2dae8-diaz-npm-ender-2-0-1-dev-package /Users/dustindiaz/.npm/ender/2.0.1-dev/package
128 verbose tar unpack /Users/dustindiaz/.npm/ender/2.0.1-dev/package.tgz
129 silly lockFile f58e1fcf-diaz-npm-ender-2-0-1-dev-package tar:///Users/dustindiaz/.npm/ender/2.0.1-dev/package
130 verbose lock tar:///Users/dustindiaz/.npm/ender/2.0.1-dev/package /Users/dustindiaz/.npm/f58e1fcf-diaz-npm-ender-2-0-1-dev-package.lock
131 silly lockFile bcf607e3--npm-ender-2-0-1-dev-package-tgz tar:///Users/dustindiaz/.npm/ender/2.0.1-dev/package.tgz
132 verbose lock tar:///Users/dustindiaz/.npm/ender/2.0.1-dev/package.tgz /Users/dustindiaz/.npm/bcf607e3--npm-ender-2-0-1-dev-package-tgz.lock
133 silly gunzTarPerm modes [ '755', '644' ]
134 silly gunzTarPerm extractEntry package.json
135 silly gunzTarPerm extractEntry .npmignore
136 silly gunzTarPerm extractEntry README.md
137 silly gunzTarPerm extractEntry LICENSE
138 silly gunzTarPerm extractEntry buster.js
139 silly gunzTarPerm extractEntry .jshintrc
140 silly gunzTarPerm extractEntry Makefile
141 silly gunzTarPerm extractEntry .travis.yml
142 silly gunzTarPerm extractEntry bin/ender
143 silly gunzTarPerm extractEntry Changelog.md
144 silly gunzTarPerm extractEntry lib/README.md
145 silly gunzTarPerm extractEntry lib/main-compile.js
146 silly gunzTarPerm extractEntry lib/main-help.js
147 silly gunzTarPerm extractEntry lib/main-info-util.js
148 silly gunzTarPerm extractEntry lib/main-build.js
149 silly gunzTarPerm extractEntry lib/errors.js
150 silly gunzTarPerm extractEntry lib/main-remove.js
151 silly gunzTarPerm extractEntry lib/main-search-util.js
152 silly gunzTarPerm extractEntry lib/main-search.js
153 silly gunzTarPerm extractEntry lib/main-version.js
154 silly gunzTarPerm extractEntry lib/main-build-util.js
155 silly gunzTarPerm extractEntry lib/main.js
156 silly gunzTarPerm extractEntry lib/main-add.js
157 silly gunzTarPerm extractEntry lib/parse-context.js
158 silly gunzTarPerm extractEntry lib/main-info.js
159 silly gunzTarPerm extractEntry lib/util.js
160 silly gunzTarPerm extractEntry lib/main-refresh.js
161 silly gunzTarPerm extractEntry lib/output/main-add-output.js
162 silly gunzTarPerm extractEntry lib/output/main-build-output.js
163 silly gunzTarPerm extractEntry lib/output/main-compile-output.js
164 silly gunzTarPerm extractEntry lib/output/main-help-output.js
165 silly gunzTarPerm extractEntry lib/output/main-info-output.js
166 silly gunzTarPerm extractEntry lib/output/main-refresh-output.js
167 silly gunzTarPerm extractEntry lib/output/main-remove-output.js
168 silly gunzTarPerm extractEntry lib/output/main-search-output.js
169 silly gunzTarPerm extractEntry lib/output/main-version-output.js
170 silly gunzTarPerm extractEntry lib/output/output.js
171 silly gunzTarPerm extractEntry Contributors
172 silly gunzTarPerm extractEntry resources/help/add.tmpl
173 silly gunzTarPerm extractEntry resources/help/build.tmpl
174 silly gunzTarPerm extractEntry resources/help/compile.tmpl
175 silly gunzTarPerm extractEntry resources/help/info.tmpl
176 silly gunzTarPerm extractEntry resources/help/main.tmpl
177 silly gunzTarPerm extractEntry resources/help/refresh.tmpl
178 silly gunzTarPerm extractEntry resources/help/remove.tmpl
179 silly gunzTarPerm extractEntry resources/help/search.tmpl
180 silly gunzTarPerm extractEntry resources/help/zalgo.tmpl
181 silly gunzTarPerm extractEntry test/common.js
182 silly gunzTarPerm extractEntry test/functional/add-test.js
183 silly gunzTarPerm extractEntry test/functional/build-packages-with-binaries-test.js
184 silly gunzTarPerm extractEntry test/functional/build-test.js
185 silly gunzTarPerm extractEntry test/functional/common.js
186 silly gunzTarPerm extractEntry test/functional/info-test.js
187 silly gunzTarPerm extractEntry test/functional/build-from-package-json-test.js
188 silly gunzTarPerm extractEntry test/functional/output-test.js
189 silly gunzTarPerm extractEntry test/functional/package-descriptor-overrides.js
190 silly gunzTarPerm extractEntry test/functional/remove-test.js
191 silly gunzTarPerm extractEntry test/functional/refresh-test.js
192 silly gunzTarPerm extractEntry test/functional/version-test.js
193 silly gunzTarPerm extractEntry test/functional/minifier-test.js
194 silly gunzTarPerm extractEntry test/functional/packages/endr-test-1/package.json
195 silly gunzTarPerm extractEntry test/functional/packages/endr-test-1/bridge.js
196 silly gunzTarPerm extractEntry test/functional/packages/endr-test-1/main-override.js
197 silly gunzTarPerm extractEntry test/functional/packages/endr-test-1/main.js
198 silly gunzTarPerm extractEntry test/functional/packages/endr-test-2/package.json
199 silly gunzTarPerm extractEntry test/functional/packages/endr-test-2/main.js
200 silly gunzTarPerm extractEntry test/unit/main-add-test.js
201 silly gunzTarPerm extractEntry test/unit/main-help-test.js
202 silly gunzTarPerm extractEntry test/unit/main-info-test.js
203 silly gunzTarPerm extractEntry test/unit/main-info-util-test.js
204 silly gunzTarPerm extractEntry test/unit/main-compile-test.js
205 silly gunzTarPerm extractEntry test/unit/main-search-output-test.js
206 silly gunzTarPerm extractEntry test/unit/main-search-test.js
207 silly gunzTarPerm extractEntry test/unit/main-search-util-test.js
208 silly gunzTarPerm extractEntry test/unit/main-test.js
209 silly gunzTarPerm extractEntry test/unit/main-version-test.js
210 silly gunzTarPerm extractEntry test/unit/main-build-util-test.js
211 silly gunzTarPerm extractEntry test/unit/output-test.js
212 silly gunzTarPerm extractEntry test/unit/main-build-test.js
213 silly gunzTarPerm extractEntry test/unit/parse-context-test.js
214 silly gunzTarPerm extractEntry test/unit/main-remove-test.js
215 silly lockFile f58e1fcf-diaz-npm-ender-2-0-1-dev-package tar:///Users/dustindiaz/.npm/ender/2.0.1-dev/package
216 silly lockFile f58e1fcf-diaz-npm-ender-2-0-1-dev-package tar:///Users/dustindiaz/.npm/ender/2.0.1-dev/package
217 silly lockFile bcf607e3--npm-ender-2-0-1-dev-package-tgz tar:///Users/dustindiaz/.npm/ender/2.0.1-dev/package.tgz
218 silly lockFile bcf607e3--npm-ender-2-0-1-dev-package-tgz tar:///Users/dustindiaz/.npm/ender/2.0.1-dev/package.tgz
219 verbose chmod /Users/dustindiaz/.npm/ender/2.0.1-dev/package.tgz 644
220 verbose chown /Users/dustindiaz/.npm/ender/2.0.1-dev/package.tgz [ 501, 20 ]
221 silly lockFile 3a52ce78- .
222 silly lockFile 3a52ce78- .
223 silly publish { name: 'ender',
223 silly publish   description: 'Open Module JavaScript Framework',
223 silly publish   version: '2.0.1-dev',
223 silly publish   authors:
223 silly publish    [ 'Jacob Thornton <jacob@twitter.com> (https://github.com/fat)',
223 silly publish      'Dustin Diaz <dustin@obvious.com> (https://github.com/ded)',
223 silly publish      'Rod Vagg <rod@vagg.org> (https://github.com/rvagg)',
223 silly publish      'Andrew McCollum (https://github.com/amccollum)' ],
223 silly publish   keywords: [ 'ender', 'modules', 'builder', 'framework', 'packager' ],
223 silly publish   main: './lib/main.js',
223 silly publish   homepage: 'https://ender.jit.su',
223 silly publish   dependencies:
223 silly publish    { 'ender-args-parser': '0.0.3-dev',
223 silly publish      'ender-builder': '0.3.0-dev',
223 silly publish      'ender-installer': '0.1.0-dev',
223 silly publish      'ender-minify': '~0.1.1',
223 silly publish      'ender-package': '0.0.5-dev',
223 silly publish      'ender-repository': '0.0.5-dev',
223 silly publish      colors: '~0.6.0',
223 silly publish      async: '~0.1.22',
223 silly publish      'hogan.js': '~2.0.0',
223 silly publish      archy: '~0.0.2',
223 silly publish      'colors-tmpl': '~0.1.0',
223 silly publish      xregexp: '~2.0.0',
223 silly publish      errno: '~0.0.3' },
223 silly publish   directories: { lib: './lib', bin: './bin' },
223 silly publish   devDependencies:
223 silly publish    { bustermove: '*',
223 silly publish      referee: '*',
223 silly publish      tap: '*',
223 silly publish      rimraf: '*',
223 silly publish      jshint: '*',
223 silly publish      mkfiletree: '*',
223 silly publish      'require-subvert': '*' },
223 silly publish   bin: { ender: './bin/ender' },
223 silly publish   preferGlobal: true,
223 silly publish   scripts: { test: 'make alltests' },
223 silly publish   repository: { type: 'git', url: 'https://github.com/ender-js/Ender.git' },
223 silly publish   readme: '# ENDER\n\n**Ender is a full featured package manager for your browser**\n\nIt allows you to search, install, manage, and compile front-end JavaScript packages and their dependencies for the web. We like to think of it as [NPM](https://github.com/isaacs/npm)\'s little sister.\n\n**Ender is not a JavaScript library**\n\nIt\'s not a jQuery replacement. It\'s not even a static asset. It\'s a tool for making the consumption of front-end JavaScript packages dead simple and incredibly powerful.\n\n![Ender](http://f.cl.ly/items/1W0P3I3D3m3U0e1j2h1c/Screen%20shot%202011-05-09%20at%2011.31.42%20AM.png)\n\n## WHY?\n\nIn the browser - **small, loosely coupled modules are the future and large, tightly-bound monolithic libraries are the past!**\n\nEnder capitalizes on this by offering a unique way to bring together the exciting work happening in JavaScript packages and allows you to mix, match, and customize your own build, suited to your individual needs, without all the extra cruft that comes with larger libraries.\n\nWith Ender, if one library goes bad or unmaintained, it can be replaced with another. Need a specific package version? No problem! Does your package have dependencies? Let us handle that for you too!\n\n## MORE INFO\n\nFor more information checkout [http://ender.jit.su](http://ender.jit.su)\n\n## BUILD STATUS\n\n**Ender** [![Build Status](https://secure.travis-ci.org/ender-js/Ender.png)](http://travis-ci.org/ender-js/Ender)\n\n[Ender Args Parser](https://github.com/ender-js/ender-args-parser) [![Build Status](https://secure.travis-ci.org/ender-js/ender-args-parser.png)](http://travis-ci.org/ender-js/ender-args-parser)\n\n[Ender Builder](https://github.com/ender-js/ender-builder) [![Build Status](https://secure.travis-ci.org/ender-js/ender-builder.png)](http://travis-ci.org/ender-js/ender-builder)\n\n[Ender Dependency Graph](https://github.com/ender-js/ender-dependency-graph) [![Build Status](https://secure.travis-ci.org/ender-js/ender-dependency-graph.png)](http://travis-ci.org/ender-js/ender-dependency-graph)\n\n[Ender Installer](https://github.com/ender-js/ender-installer) [![Build Status](https://secure.travis-ci.org/ender-js/ender-installer.png)](http://travis-ci.org/ender-js/ender-installer)\n\n[Ender Minify](https://github.com/ender-js/ender-minify) [![Build Status](https://secure.travis-ci.org/ender-js/ender-minify.png)](http://travis-ci.org/ender-js/ender-minify)\n\n[Ender Package Util](https://github.com/ender-js/ender-package-util) [![Build Status](https://secure.travis-ci.org/ender-js/ender-package-util.png)](http://travis-ci.org/ender-js/ender-package-util)\n\n[Ender Repository](https://github.com/ender-js/ender-repository) [![Build Status](https://secure.travis-ci.org/ender-js/ender-repository.png)](http://travis-ci.org/ender-js/ender-repository)\n\n## Licence\n\nEnder is Copyright (c) 2012-2013 Dustin Diaz [@ded](https://twitter.com/ded), Jacob Thornton [@fat](https://twitter.com/fat) and Rod Vagg [@rvagg](https://twitter.com/rvagg) and licensed under the MIT license. All rights not explicitly granted in the MIT license are reserved. See the included LICENSE file for more details.',
223 silly publish   readmeFilename: 'README.md',
223 silly publish   bugs: { url: 'https://github.com/ender-js/Ender/issues' },
223 silly publish   _id: 'ender@2.0.1-dev',
223 silly publish   dist: { shasum: '2160dc5399856780f0016c77d428dbbf1df2f2b0' },
223 silly publish   _from: '.' }
224 verbose url raw ender
225 verbose url resolving [ 'https://registry.npmjs.org/', './ender' ]
226 verbose url resolved https://registry.npmjs.org/ender
227 info trying registry request attempt 1 at 17:15:42
228 http PUT https://registry.npmjs.org/ender
229 http 409 https://registry.npmjs.org/ender
230 verbose url raw ender
231 verbose url resolving [ 'https://registry.npmjs.org/', './ender' ]
232 verbose url resolved https://registry.npmjs.org/ender
233 info trying registry request attempt 1 at 17:15:42
234 http GET https://registry.npmjs.org/ender
235 http 200 https://registry.npmjs.org/ender
236 error publish fail Cannot publish over existing version.
236 error publish fail Update the 'version' field in package.json and try again.
236 error publish fail
236 error publish fail If the previous version was published in error, see:
236 error publish fail     npm help unpublish
236 error publish fail
236 error publish fail To automatically increment version numbers, see:
236 error publish fail     npm help version
237 error System Darwin 12.3.0
238 error command "node" "/usr/local/bin/npm" "publish"
239 error cwd /Users/dustindiaz/work/Ender
240 error node -v v0.10.22
241 error npm -v 1.3.14
242 error code EPUBLISHCONFLICT
243 verbose exit [ 1, true ]
